<?xml version="1.0" encoding="UTF-8" ?>
<testsuite tests="3" failures="3" name="com.ibm.test.TestEmpDept" time="0" errors="0" skipped="0">
  <properties>
    <property name="jansi.mode" value="strip"/>
    <property name="java.runtime.name" value="OpenJDK Runtime Environment"/>
    <property name="java.vm.version" value="17.0.3+7"/>
    <property name="sun.boot.library.path" value="C:\Users\003S5Q744\.p2\pool\plugins\org.eclipse.justj.openjdk.hotspot.jre.full.win32.x86_64_17.0.3.v20220515-1416\jre\bin"/>
    <property name="maven.multiModuleProjectDirectory" value="C:\Users\003S5Q744\eclipse-workspace\jpa-demo"/>
    <property name="java.vm.vendor" value="Eclipse Adoptium"/>
    <property name="java.vendor.url" value="https://adoptium.net/"/>
    <property name="guice.disable.misplaced.annotation.check" value="true"/>
    <property name="path.separator" value=";"/>
    <property name="java.vm.name" value="OpenJDK 64-Bit Server VM"/>
    <property name="sun.os.patch.level" value=""/>
    <property name="user.script" value=""/>
    <property name="user.country" value="IN"/>
    <property name="sun.java.launcher" value="SUN_STANDARD"/>
    <property name="java.vm.specification.name" value="Java Virtual Machine Specification"/>
    <property name="user.dir" value="C:\Users\003S5Q744\eclipse-workspace\jpa-demo"/>
    <property name="java.vm.compressedOopsMode" value="Zero based"/>
    <property name="java.runtime.version" value="17.0.3+7"/>
    <property name="os.arch" value="amd64"/>
    <property name="java.io.tmpdir" value="C:\Users\003S5Q~1\AppData\Local\Temp\"/>
    <property name="line.separator" value="
"/>
    <property name="java.vm.specification.vendor" value="Oracle Corporation"/>
    <property name="user.variant" value=""/>
    <property name="os.name" value="Windows 10"/>
    <property name="classworlds.conf" value="C:\Users\003S5Q744\eclipse-workspace\.metadata\.plugins\org.eclipse.m2e.launching\launches\m2conf11706400109031868694.tmp"/>
    <property name="sun.jnu.encoding" value="Cp1252"/>
    <property name="java.library.path" value="C:\Users\003S5Q744\.p2\pool\plugins\org.eclipse.justj.openjdk.hotspot.jre.full.win32.x86_64_17.0.3.v20220515-1416\jre\bin;C:\Windows\Sun\Java\bin;C:\Windows\system32;C:\Windows;C:/Users/003S5Q744/.p2/pool/plugins/org.eclipse.justj.openjdk.hotspot.jre.full.win32.x86_64_17.0.3.v20220515-1416/jre/bin/server;C:/Users/003S5Q744/.p2/pool/plugins/org.eclipse.justj.openjdk.hotspot.jre.full.win32.x86_64_17.0.3.v20220515-1416/jre/bin;C:\Windows\system32;C:\Windows;C:\Windows\System32\Wbem;C:\Windows\System32\WindowsPowerShell\v1.0\;C:\Windows\System32\OpenSSH\;C:\Program Files\nodejs\;C:\Program Files\MySQL\MySQL Shell 8.0\bin\;C:\Users\003S5Q744\AppData\Local\Microsoft\WindowsApps;C:\Users\003S5Q744\AppData\Local\Programs\Microsoft VS Code\bin;C:\Users\003S5Q744\AppData\Roaming\npm;C:\Users\003S5Q744\AppData\Local\GitHubDesktop\bin;C:\Program Files\MySQL\MySQL Server 8.0\bin;;C:\Users\003S5Q744\eclipse\jee-2022-06\eclipse;;."/>
    <property name="jdk.debug" value="release"/>
    <property name="java.class.version" value="61.0"/>
    <property name="java.specification.name" value="Java Platform API Specification"/>
    <property name="sun.management.compiler" value="HotSpot 64-Bit Tiered Compilers"/>
    <property name="os.version" value="10.0"/>
    <property name="user.home" value="C:\Users\003S5Q744"/>
    <property name="user.timezone" value="Asia/Calcutta"/>
    <property name="file.encoding" value="UTF-8"/>
    <property name="java.specification.version" value="17"/>
    <property name="user.name" value="003S5Q744"/>
    <property name="java.class.path" value="C:\Users\003S5Q744\.p2\pool\plugins\org.eclipse.m2e.maven.runtime_1.18.3.20220227-1319\jars\plexus-classworlds-2.6.0.jar"/>
    <property name="java.vm.specification.version" value="17"/>
    <property name="sun.arch.data.model" value="64"/>
    <property name="sun.java.command" value="org.codehaus.plexus.classworlds.launcher.Launcher -B package"/>
    <property name="java.home" value="C:\Users\003S5Q744\.p2\pool\plugins\org.eclipse.justj.openjdk.hotspot.jre.full.win32.x86_64_17.0.3.v20220515-1416\jre"/>
    <property name="user.language" value="en"/>
    <property name="java.specification.vendor" value="Oracle Corporation"/>
    <property name="java.vm.info" value="mixed mode"/>
    <property name="java.version" value="17.0.3"/>
    <property name="native.encoding" value="Cp1252"/>
    <property name="java.vendor" value="Eclipse Adoptium"/>
    <property name="maven.home" value="C:\Users\003S5Q744\eclipse-workspace\jpa-demo\EMBEDDED"/>
    <property name="file.separator" value="\"/>
    <property name="java.version.date" value="2022-04-19"/>
    <property name="java.vendor.url.bug" value="https://github.com/adoptium/adoptium-support/issues"/>
    <property name="sun.io.unicode.encoding" value="UnicodeLittle"/>
    <property name="sun.cpu.endian" value="little"/>
    <property name="java.vendor.version" value="Temurin-17.0.3+7"/>
    <property name="sun.cpu.isalist" value="amd64"/>
  </properties>
  <testcase classname="com.ibm.test.TestEmpDept" name="com.ibm.test.TestEmpDept.testSaveDept" time="0">
    <failure message="Cannot invoke &quot;com.ibm.dao.EmpDeptDao.addDept(com.ibm.entity.Department)&quot; because &quot;com.ibm.test.TestEmpDept.dao&quot; is null" type="java.lang.NullPointerException">java.lang.NullPointerException: Cannot invoke &quot;com.ibm.dao.EmpDeptDao.addDept(com.ibm.entity.Department)&quot; because &quot;com.ibm.test.TestEmpDept.dao&quot; is null
	at com.ibm.test.TestEmpDept.testSaveDept(TestEmpDept.java:24)
</failure>
  </testcase>
  <testcase classname="com.ibm.test.TestEmpDept" name="com.ibm.test.TestEmpDept.testSaveEmp" time="0">
    <failure message="Cannot invoke &quot;com.ibm.dao.EmpDeptDao.addEmp(com.ibm.entity.Employee, int)&quot; because &quot;com.ibm.test.TestEmpDept.dao&quot; is null" type="java.lang.NullPointerException">java.lang.NullPointerException: Cannot invoke &quot;com.ibm.dao.EmpDeptDao.addEmp(com.ibm.entity.Employee, int)&quot; because &quot;com.ibm.test.TestEmpDept.dao&quot; is null
	at com.ibm.test.TestEmpDept.testSaveEmp(TestEmpDept.java:31)
</failure>
  </testcase>
  <testcase classname="com.ibm.test.TestEmpDept" name="com.ibm.test.TestEmpDept.testFindDept" time="0">
    <failure message="Cannot invoke &quot;com.ibm.dao.EmpDeptDao.findDept(int)&quot; because &quot;com.ibm.test.TestEmpDept.dao&quot; is null" type="java.lang.NullPointerException">java.lang.NullPointerException: Cannot invoke &quot;com.ibm.dao.EmpDeptDao.findDept(int)&quot; because &quot;com.ibm.test.TestEmpDept.dao&quot; is null
	at com.ibm.test.TestEmpDept.testFindDept(TestEmpDept.java:36)
</failure>
  </testcase>
</testsuite>